2022-08-22 11:01:20,467 INFO de.fraunhofer.iosb.ilt.faaast.service.starter.App [main]             _____                                                       
2022-08-22 11:01:20,468 INFO de.fraunhofer.iosb.ilt.faaast.service.starter.App [main]            |___ /                                                       
2022-08-22 11:01:20,468 INFO de.fraunhofer.iosb.ilt.faaast.service.starter.App [main]  ______      |_ \    _____ _______     _____                 _          
2022-08-22 11:01:20,468 INFO de.fraunhofer.iosb.ilt.faaast.service.starter.App [main] |  ____/\   ___) | / ____|__   __|    / ____|               (_)         
2022-08-22 11:01:20,468 INFO de.fraunhofer.iosb.ilt.faaast.service.starter.App [main] | |__ /  \ |____/ | (___    | |      | (___   ___ _ ____   ___  ___ ___ 
2022-08-22 11:01:20,468 INFO de.fraunhofer.iosb.ilt.faaast.service.starter.App [main] |  __/ /\ \        \___ \   | |       \___ \ / _ \ '__\ \ / / |/ __/ _ \
2022-08-22 11:01:20,468 INFO de.fraunhofer.iosb.ilt.faaast.service.starter.App [main] | | / ____ \       ____) |  | |       ____) |  __/ |   \ V /| | (_|  __/
2022-08-22 11:01:20,468 INFO de.fraunhofer.iosb.ilt.faaast.service.starter.App [main] |_|/_/    \_\     |_____/   |_|      |_____/ \___|_|    \_/ |_|\___\___|
2022-08-22 11:01:20,468 INFO de.fraunhofer.iosb.ilt.faaast.service.starter.App [main] 
2022-08-22 11:01:20,468 INFO de.fraunhofer.iosb.ilt.faaast.service.starter.App [main] -------------------------------------------------------------------------
2022-08-22 11:01:20,468 INFO de.fraunhofer.iosb.ilt.faaast.service.starter.App [main] Config: empty (default)
2022-08-22 11:01:20,473 INFO de.fraunhofer.iosb.ilt.faaast.service.starter.App [main] Model: /home/mrashikh/Workspace/repoFolder/SingleAasx/main/../../../vocol/helper/tools/FAAAST-Service/aasenvironment.aasx (CLI)
2022-08-22 11:01:22,624 INFO de.fraunhofer.iosb.ilt.faaast.service.starter.App [main] Starting FA続ST Service...
2022-08-22 11:01:22,625 DEBUG de.fraunhofer.iosb.ilt.faaast.service.starter.App [main] Using configuration file: 
2022-08-22 11:01:22,642 DEBUG de.fraunhofer.iosb.ilt.faaast.service.starter.App [main] {
  "core" : {
    "requestHandlerThreadPoolSize" : 2
  },
  "endpoints" : [ {
    "@class" : "de.fraunhofer.iosb.ilt.faaast.service.endpoint.http.HttpEndpoint",
    "port" : 4498
  } ],
  "persistence" : {
    "@class" : "de.fraunhofer.iosb.ilt.faaast.service.persistence.memory.PersistenceInMemory"
  },
  "messageBus" : {
    "@class" : "de.fraunhofer.iosb.ilt.faaast.service.messagebus.internal.MessageBusInternal"
  }
}
2022-08-22 11:01:23,430 INFO de.fraunhofer.iosb.ilt.faaast.service.starter.App [main] FA続ST Service successfully started
2022-08-22 11:01:23,430 INFO de.fraunhofer.iosb.ilt.faaast.service.starter.App [main] HTTP endpoint available on port 4498
2022-08-22 11:01:23,430 INFO de.fraunhofer.iosb.ilt.faaast.service.starter.App [main] Press CTRL + C to stop
2022-08-22 11:28:58,468 INFO de.fraunhofer.iosb.ilt.faaast.service.starter.App [main] Shutting down FA続ST Service...
2022-08-22 11:29:00,485 INFO de.fraunhofer.iosb.ilt.faaast.service.starter.App [main] FA続ST Service successfully shut down
2022-08-22 11:29:00,486 INFO de.fraunhofer.iosb.ilt.faaast.service.starter.App [Thread-0] Goodbye!
